* using log directory 'C:/Users/monsu/Documents/GitHub/Packages/akmeans.Rcheck'
* using R version 3.5.2 (2018-12-20)
* using platform: x86_64-w64-mingw32 (64-bit)
* using session charset: ISO8859-1
* using options '--no-manual --as-cran'
* checking for file 'akmeans/DESCRIPTION' ... OK
* checking extension type ... Package
* this is package 'akmeans' version '0.1.0'
* package encoding: UTF-8
* checking package namespace information ... OK
* checking package dependencies ... OK
* checking if this is a source package ... OK
* checking if there is a namespace ... OK
* checking for executable files ... OK
* checking for hidden files and directories ... OK
* checking for portable file names ... OK
* checking serialization versions ... OK
* checking whether package 'akmeans' can be installed ... OK
* checking installed package size ... NOTE
  installed size is 76.2Mb
* checking package directory ... OK
* checking 'build' directory ... OK
* checking DESCRIPTION meta-information ... OK
* checking top-level files ... NOTE
Non-standard file/directory found at top level:
  'samp.csv'
* checking for left-over files ... OK
* checking index information ... OK
* checking package subdirectories ... OK
* checking R files for non-ASCII characters ... OK
* checking R files for syntax errors ... OK
* checking whether the package can be loaded ... OK
* checking whether the package can be loaded with stated dependencies ... OK
* checking whether the package can be unloaded cleanly ... OK
* checking whether the namespace can be loaded with stated dependencies ... OK
* checking whether the namespace can be unloaded cleanly ... OK
* checking loading without being on the library search path ... OK
* checking dependencies in R code ... OK
* checking S3 generic/method consistency ... OK
* checking replacement functions ... OK
* checking foreign function calls ... OK
* checking R code for possible problems ... OK
* checking Rd files ... NOTE
prepare_Rd: na_null_inf_Filler.Rd:28-30: Dropping empty section \details
prepare_Rd: na_null_inf_Filler.Rd:40-42: Dropping empty section \note
prepare_Rd: na_null_inf_Filler.Rd:34-36: Dropping empty section \references
prepare_Rd: na_null_inf_Filler.Rd:46-48: Dropping empty section \seealso
prepare_Rd: num_to_alpha.Rd:19-21: Dropping empty section \details
prepare_Rd: num_to_alpha.Rd:31-33: Dropping empty section \note
prepare_Rd: num_to_alpha.Rd:25-27: Dropping empty section \references
prepare_Rd: num_to_alpha.Rd:37-39: Dropping empty section \seealso
prepare_Rd: rates_to_props.Rd:22-24: Dropping empty section \details
prepare_Rd: rates_to_props.Rd:34-36: Dropping empty section \note
prepare_Rd: rates_to_props.Rd:28-30: Dropping empty section \references
prepare_Rd: rates_to_props.Rd:40-42: Dropping empty section \seealso
prepare_Rd: remove_all_whiteSpaces.Rd:22-24: Dropping empty section \details
prepare_Rd: remove_all_whiteSpaces.Rd:34-36: Dropping empty section \note
prepare_Rd: remove_all_whiteSpaces.Rd:28-30: Dropping empty section \references
prepare_Rd: remove_all_whiteSpaces.Rd:40-42: Dropping empty section \seealso
* checking Rd metadata ... OK
* checking Rd line widths ... OK
* checking Rd cross-references ... OK
* checking for missing documentation entries ... OK
* checking for code/documentation mismatches ... WARNING
Codoc mismatches from documentation object 'rates_to_props':
rates_to_props
  Code: function(rates, id_field = FALSE)
  Docs: function(rates)
  Argument names in code not in docs:
    id_field

* checking Rd \usage sections ... WARNING
Duplicated \argument entries in documentation object 'na_null_inf_Filler':
  'dat'

Documented arguments not in \usage in documentation object 'rates_to_props':
  'id_field'

Functions with \usage entries need to have the appropriate \alias
entries, and all their arguments documented.
The \usage entries must correspond to syntactically valid R code.
See chapter 'Writing R documentation files' in the 'Writing R
Extensions' manual.
* checking Rd contents ... OK
* checking for unstated dependencies in examples ... OK
* checking contents of 'data' directory ... OK
* checking data for non-ASCII characters ... OK
* checking data for ASCII and uncompressed saves ... OK
* checking installed files from 'inst/doc' ... OK
* checking files in 'vignettes' ... OK
* checking examples ... OK
* checking for unstated dependencies in vignettes ... OK
* checking package vignettes in 'inst/doc' ... OK
* checking re-building of vignette outputs ... OK
* DONE
Status: 2 WARNINGs, 3 NOTEs
